Cycle: 0
-----------------------------------------------------------------------------------------------------------------------------------
| lui $s0, 0x0            | nop                     | nop                     | nop                     | nop                     |
-----------------------------------------------------------------------------------------------------------------------------------
Cycle: 1
-----------------------------------------------------------------------------------------------------------------------------------
| lw $s0, 12($s0)         | lui $s0, 0x0            | nop                     | nop                     | nop                     |
-----------------------------------------------------------------------------------------------------------------------------------
Cycle: 2
-----------------------------------------------------------------------------------------------------------------------------------
| lw $s0, 12($s0)         | lw $s0, 12($s0)         | lui $s0, 0x0            | nop                     | nop                     |
-----------------------------------------------------------------------------------------------------------------------------------
Cycle: 3
-----------------------------------------------------------------------------------------------------------------------------------
| HALT                    | lw $s0, 12($s0)         | nop                     | lui $s0, 0x0            | nop                     |
-----------------------------------------------------------------------------------------------------------------------------------
Cycle: 4
-----------------------------------------------------------------------------------------------------------------------------------
| nop                     | HALT                    | lw $s0, 12($s0)         | nop                     | lui $s0, 0x0            |
-----------------------------------------------------------------------------------------------------------------------------------
Cycle: 5
-----------------------------------------------------------------------------------------------------------------------------------
| nop                     | nop                     | HALT                    | lw $s0, 12($s0)         | nop                     |
-----------------------------------------------------------------------------------------------------------------------------------
Cycle: 6
-----------------------------------------------------------------------------------------------------------------------------------
| nop                     | nop                     | nop                     | HALT                    | lw $s0, 12($s0)         |
-----------------------------------------------------------------------------------------------------------------------------------
Cycle: 7
-----------------------------------------------------------------------------------------------------------------------------------
| nop                     | nop                     | nop                     | nop                     | HALT                    |
-----------------------------------------------------------------------------------------------------------------------------------
Cycle: 0
-----------------------------------------------------------------------------------------------------------------------------------
| ori $s0, $zero, 0x44    | nop                     | nop                     | nop                     | nop                     |
-----------------------------------------------------------------------------------------------------------------------------------
Cycle: 1
-----------------------------------------------------------------------------------------------------------------------------------
| ori $s1, $zero, 0x32    | ori $s0, $zero, 0x44    | nop                     | nop                     | nop                     |
-----------------------------------------------------------------------------------------------------------------------------------
Cycle: 2
-----------------------------------------------------------------------------------------------------------------------------------
| nop                     | ori $s1, $zero, 0x32    | ori $s0, $zero, 0x44    | nop                     | nop                     |
-----------------------------------------------------------------------------------------------------------------------------------
Cycle: 3
-----------------------------------------------------------------------------------------------------------------------------------
| nop                     | nop                     | ori $s1, $zero, 0x32    | ori $s0, $zero, 0x44    | nop                     |
-----------------------------------------------------------------------------------------------------------------------------------
Cycle: 4
-----------------------------------------------------------------------------------------------------------------------------------
| add $s2, $s0, $s1       | nop                     | nop                     | ori $s1, $zero, 0x32    | ori $s0, $zero, 0x44    |
-----------------------------------------------------------------------------------------------------------------------------------
Cycle: 5
-----------------------------------------------------------------------------------------------------------------------------------
| nop                     | add $s2, $s0, $s1       | nop                     | nop                     | ori $s1, $zero, 0x32    |
-----------------------------------------------------------------------------------------------------------------------------------
Cycle: 6
-----------------------------------------------------------------------------------------------------------------------------------
| nop                     | nop                     | add $s2, $s0, $s1       | nop                     | nop                     |
-----------------------------------------------------------------------------------------------------------------------------------
Cycle: 7
-----------------------------------------------------------------------------------------------------------------------------------
| lui $at, 0x0            | nop                     | nop                     | add $s2, $s0, $s1       | nop                     |
-----------------------------------------------------------------------------------------------------------------------------------
Cycle: 8
-----------------------------------------------------------------------------------------------------------------------------------
| sh $s2, 40($at)         | lui $at, 0x0            | nop                     | nop                     | add $s2, $s0, $s1       |
-----------------------------------------------------------------------------------------------------------------------------------
Cycle: 9
-----------------------------------------------------------------------------------------------------------------------------------
| HALT                    | sh $s2, 40($at)         | lui $at, 0x0            | nop                     | nop                     |
-----------------------------------------------------------------------------------------------------------------------------------
Cycle: 10
-----------------------------------------------------------------------------------------------------------------------------------
| nop                     | HALT                    | sh $s2, 40($at)         | lui $at, 0x0            | nop                     |
-----------------------------------------------------------------------------------------------------------------------------------
Cycle: 11
-----------------------------------------------------------------------------------------------------------------------------------
| nop                     | nop                     | HALT                    | sh $s2, 40($at)         | lui $at, 0x0            |
-----------------------------------------------------------------------------------------------------------------------------------
Cycle: 12
-----------------------------------------------------------------------------------------------------------------------------------
| nop                     | nop                     | nop                     | HALT                    | sh $s2, 40($at)         |
-----------------------------------------------------------------------------------------------------------------------------------
Cycle: 13
-----------------------------------------------------------------------------------------------------------------------------------
| nop                     | nop                     | nop                     | nop                     | HALT                    |
-----------------------------------------------------------------------------------------------------------------------------------
Cycle: 0
-----------------------------------------------------------------------------------------------------------------------------------
| lui $s0, 0x0            | nop                     | nop                     | nop                     | nop                     |
-----------------------------------------------------------------------------------------------------------------------------------
Cycle: 1
-----------------------------------------------------------------------------------------------------------------------------------
| lw $s0, 12($s0)         | lui $s0, 0x0            | nop                     | nop                     | nop                     |
-----------------------------------------------------------------------------------------------------------------------------------
Cycle: 2
-----------------------------------------------------------------------------------------------------------------------------------
| HALT                    | lw $s0, 12($s0)         | lui $s0, 0x0            | nop                     | nop                     |
-----------------------------------------------------------------------------------------------------------------------------------
Cycle: 3
-----------------------------------------------------------------------------------------------------------------------------------
| HALT                    | HALT                    | nop                     | lui $s0, 0x0            | nop                     |
-----------------------------------------------------------------------------------------------------------------------------------
Cycle: 4
-----------------------------------------------------------------------------------------------------------------------------------
| nop                     | HALT                    | HALT                    | nop                     | lui $s0, 0x0            |
-----------------------------------------------------------------------------------------------------------------------------------
Cycle: 5
-----------------------------------------------------------------------------------------------------------------------------------
| nop                     | nop                     | HALT                    | HALT                    | nop                     |
-----------------------------------------------------------------------------------------------------------------------------------
Cycle: 6
-----------------------------------------------------------------------------------------------------------------------------------
| nop                     | nop                     | nop                     | HALT                    | HALT                    |
-----------------------------------------------------------------------------------------------------------------------------------
Cycle: 0
-----------------------------------------------------------------------------------------------------------------------------------
| lui $s0, 0x0            | nop                     | nop                     | nop                     | nop                     |
-----------------------------------------------------------------------------------------------------------------------------------
Cycle: 1
-----------------------------------------------------------------------------------------------------------------------------------
| lw $s0, 12($s0)         | lui $s0, 0x0            | nop                     | nop                     | nop                     |
-----------------------------------------------------------------------------------------------------------------------------------
Cycle: 2
-----------------------------------------------------------------------------------------------------------------------------------
| HALT                    | lw $s0, 12($s0)         | lui $s0, 0x0            | nop                     | nop                     |
-----------------------------------------------------------------------------------------------------------------------------------
Cycle: 3
-----------------------------------------------------------------------------------------------------------------------------------
| HALT                    | HALT                    | nop                     | lui $s0, 0x0            | nop                     |
-----------------------------------------------------------------------------------------------------------------------------------
Cycle: 4
-----------------------------------------------------------------------------------------------------------------------------------
| nop                     | HALT                    | nop                     | nop                     | lui $s0, 0x0            |
-----------------------------------------------------------------------------------------------------------------------------------
Cycle: 5
-----------------------------------------------------------------------------------------------------------------------------------
| nop                     | nop                     | HALT                    | nop                     | nop                     |
-----------------------------------------------------------------------------------------------------------------------------------
Cycle: 6
-----------------------------------------------------------------------------------------------------------------------------------
| nop                     | nop                     | nop                     | HALT                    | nop                     |
-----------------------------------------------------------------------------------------------------------------------------------
Cycle: 7
-----------------------------------------------------------------------------------------------------------------------------------
| nop                     | nop                     | nop                     | nop                     | HALT                    |
-----------------------------------------------------------------------------------------------------------------------------------
Cycle: 0
-----------------------------------------------------------------------------------------------------------------------------------
| lui $s0, 0x0            | nop                     | nop                     | nop                     | nop                     |
-----------------------------------------------------------------------------------------------------------------------------------
Cycle: 1
-----------------------------------------------------------------------------------------------------------------------------------
| lw $s0, 12($s0)         | lui $s0, 0x0            | nop                     | nop                     | nop                     |
-----------------------------------------------------------------------------------------------------------------------------------
Cycle: 2
-----------------------------------------------------------------------------------------------------------------------------------
| nop                     | lw $s0, 12($s0)         | lui $s0, 0x0            | nop                     | nop                     |
-----------------------------------------------------------------------------------------------------------------------------------
Cycle: 3
-----------------------------------------------------------------------------------------------------------------------------------
| nop                     | lw $s0, 12($s0)         | nop                     | lui $s0, 0x0            | nop                     |
-----------------------------------------------------------------------------------------------------------------------------------
Cycle: 4
-----------------------------------------------------------------------------------------------------------------------------------
| HALT                    | lw $s0, 12($s0)         | nop                     | nop                     | lui $s0, 0x0            |
-----------------------------------------------------------------------------------------------------------------------------------
Cycle: 5
-----------------------------------------------------------------------------------------------------------------------------------
| nop                     | HALT                    | lw $s0, 12($s0)         | nop                     | nop                     |
-----------------------------------------------------------------------------------------------------------------------------------
Cycle: 6
-----------------------------------------------------------------------------------------------------------------------------------
| nop                     | nop                     | HALT                    | lw $s0, 12($s0)         | nop                     |
-----------------------------------------------------------------------------------------------------------------------------------
Cycle: 7
-----------------------------------------------------------------------------------------------------------------------------------
| nop                     | nop                     | nop                     | HALT                    | lw $s0, 12($s0)         |
-----------------------------------------------------------------------------------------------------------------------------------
Cycle: 8
-----------------------------------------------------------------------------------------------------------------------------------
| nop                     | nop                     | nop                     | nop                     | HALT                    |
-----------------------------------------------------------------------------------------------------------------------------------
Cycle: 0
-----------------------------------------------------------------------------------------------------------------------------------
| lui $s0, 0x0            | nop                     | nop                     | nop                     | nop                     |
-----------------------------------------------------------------------------------------------------------------------------------
Cycle: 1
-----------------------------------------------------------------------------------------------------------------------------------
| lw $s0, 60($s0)         | lui $s0, 0x0            | nop                     | nop                     | nop                     |
-----------------------------------------------------------------------------------------------------------------------------------
Cycle: 2
-----------------------------------------------------------------------------------------------------------------------------------
| nop                     | lw $s0, 60($s0)         | lui $s0, 0x0            | nop                     | nop                     |
-----------------------------------------------------------------------------------------------------------------------------------
Cycle: 3
-----------------------------------------------------------------------------------------------------------------------------------
| nop                     | lw $s0, 60($s0)         | nop                     | lui $s0, 0x0            | nop                     |
-----------------------------------------------------------------------------------------------------------------------------------
Cycle: 4
-----------------------------------------------------------------------------------------------------------------------------------
| lui $s1, 0x0            | lw $s0, 60($s0)         | nop                     | nop                     | lui $s0, 0x0            |
-----------------------------------------------------------------------------------------------------------------------------------
Cycle: 5
-----------------------------------------------------------------------------------------------------------------------------------
| nop                     | lui $s1, 0x0            | lw $s0, 60($s0)         | nop                     | nop                     |
-----------------------------------------------------------------------------------------------------------------------------------
Cycle: 6
-----------------------------------------------------------------------------------------------------------------------------------
| nop                     | nop                     | lui $s1, 0x0            | lw $s0, 60($s0)         | nop                     |
-----------------------------------------------------------------------------------------------------------------------------------
Cycle: 7
-----------------------------------------------------------------------------------------------------------------------------------
| nop                     | nop                     | nop                     | lui $s1, 0x0            | lw $s0, 60($s0)         |
-----------------------------------------------------------------------------------------------------------------------------------
Cycle: 8
-----------------------------------------------------------------------------------------------------------------------------------
| nop                     | nop                     | nop                     | nop                     | lui $s1, 0x0            |
-----------------------------------------------------------------------------------------------------------------------------------
Cycle: 9
-----------------------------------------------------------------------------------------------------------------------------------
| slt $s2, $s0, $s1       | nop                     | nop                     | nop                     | nop                     |
-----------------------------------------------------------------------------------------------------------------------------------
Cycle: 10
-----------------------------------------------------------------------------------------------------------------------------------
| nop                     | slt $s2, $s0, $s1       | nop                     | nop                     | nop                     |
-----------------------------------------------------------------------------------------------------------------------------------
Cycle: 11
-----------------------------------------------------------------------------------------------------------------------------------
| nop                     | nop                     | slt $s2, $s0, $s1       | nop                     | nop                     |
-----------------------------------------------------------------------------------------------------------------------------------
Cycle: 12
-----------------------------------------------------------------------------------------------------------------------------------
| lui $at, 0x0            | nop                     | nop                     | slt $s2, $s0, $s1       | nop                     |
-----------------------------------------------------------------------------------------------------------------------------------
Cycle: 13
-----------------------------------------------------------------------------------------------------------------------------------
| sw $s2, 60($at)         | lui $at, 0x0            | nop                     | nop                     | slt $s2, $s0, $s1       |
-----------------------------------------------------------------------------------------------------------------------------------
Cycle: 14
-----------------------------------------------------------------------------------------------------------------------------------
| HALT                    | sw $s2, 60($at)         | lui $at, 0x0            | nop                     | nop                     |
-----------------------------------------------------------------------------------------------------------------------------------
Cycle: 15
-----------------------------------------------------------------------------------------------------------------------------------
| nop                     | HALT                    | sw $s2, 60($at)         | lui $at, 0x0            | nop                     |
-----------------------------------------------------------------------------------------------------------------------------------
Cycle: 16
-----------------------------------------------------------------------------------------------------------------------------------
| nop                     | nop                     | HALT                    | sw $s2, 60($at)         | lui $at, 0x0            |
-----------------------------------------------------------------------------------------------------------------------------------
Cycle: 17
-----------------------------------------------------------------------------------------------------------------------------------
| nop                     | nop                     | nop                     | HALT                    | sw $s2, 60($at)         |
-----------------------------------------------------------------------------------------------------------------------------------
Cycle: 18
-----------------------------------------------------------------------------------------------------------------------------------
| nop                     | nop                     | nop                     | nop                     | HALT                    |
-----------------------------------------------------------------------------------------------------------------------------------
